<?xml version="1.0" encoding="UTF-8"?>
<Site BuildName="Linux-c++"
	BuildStamp="20230916-2101-Experimental"
	Name="BatSuit"
	Generator="ctest-3.22.1"
	CompilerName="/usr/bin/c++"
	CompilerVersion="11.4.0"
	OSName="Linux"
	Hostname="BatSuit"
	OSRelease="6.2.0-32-generic"
	OSVersion="#32~22.04.1-Ubuntu SMP PREEMPT_DYNAMIC Fri Aug 18 10:40:13 UTC 2"
	OSPlatform="x86_64"
	Is64Bits="1"
	VendorString="GenuineIntel"
	VendorID="Intel Corporation"
	FamilyID="6"
	ModelID="186"
	ProcessorCacheSize="24576"
	NumberOfLogicalCPU="20"
	NumberOfPhysicalCPU="14"
	TotalVirtualMemory="2047"
	TotalPhysicalMemory="15723"
	LogicalProcessorsPerPhysical="1"
	ProcessorClockFrequency="399.521"
	>
	<Testing>
		<StartDateTime>Sep 17 00:50 +03</StartDateTime>
		<StartTestTime>1694901054</StartTestTime>
		<TestList/>
		<EndDateTime>Sep 17 00:50 +03</EndDateTime>
		<EndTestTime>1694901054</EndTestTime>
		<ElapsedMinutes>0</ElapsedMinutes>
	</Testing>
</Site>
